Using pre-set license
Built from '2020.3/staging' branch; Version is '2020.3.4f1 (0abb6314276a) revision 703331'; Using compiler version '192528614'; Build Type 'Release'
OS: 'Windows 10 Pro; OS build 19042.928; Version 2009; 64bit' Language: 'ru' Physical Memory: 16318 MB
BatchMode: 1, IsHumanControllingUs: 0, StartBugReporterOnCrash: 0, Is64bit: 1, IsPro: 0

 COMMAND LINE ARGUMENTS:
E:\2020.3.4f1\Editor\Unity.exe
-adb2
-batchMode
-noUpm
-name
AssetImportWorker0
-projectPath
E:/Project/D.Z_k_uroku_5_Dvizenie_na_osnove_fiziki
-logFile
Logs/AssetImportWorker0.log
-srvPort
58938
Successfully changed project path to: E:/Project/D.Z_k_uroku_5_Dvizenie_na_osnove_fiziki
E:/Project/D.Z_k_uroku_5_Dvizenie_na_osnove_fiziki
Using Asset Import Pipeline V2.
Refreshing native plugins compatible for Editor in 28.58 ms, found 0 plugins.
Preloading 0 native plugins for Editor in 0.00 ms.
Initialize engine version: 2020.3.4f1 (0abb6314276a)
[Subsystems] Discovering subsystems at path E:/2020.3.4f1/Editor/Data/Resources/UnitySubsystems
[Subsystems] Discovering subsystems at path E:/Project/D.Z_k_uroku_5_Dvizenie_na_osnove_fiziki/Assets
GfxDevice: creating device client; threaded=0
Direct3D:
    Version:  Direct3D 11.0 [level 11.1]
    Renderer: NVIDIA GeForce GTX 1660 (ID=0x2184)
    Vendor:   
    VRAM:     5991 MB
    Driver:   27.21.14.6627
Initialize mono
Mono path[0] = 'E:/2020.3.4f1/Editor/Data/Managed'
Mono path[1] = 'E:/2020.3.4f1/Editor/Data/MonoBleedingEdge/lib/mono/unityjit'
Mono config path = 'E:/2020.3.4f1/Editor/Data/MonoBleedingEdge/etc'
Using monoOptions --debugger-agent=transport=dt_socket,embedding=1,server=y,suspend=n,address=127.0.0.1:56332
Begin MonoManager ReloadAssembly
Registering precompiled unity dll's ...
Register platform support module: E:/2020.3.4f1/Editor/Data/PlaybackEngines/WindowsStandaloneSupport/UnityEditor.WindowsStandalone.Extensions.dll
Registered in 0.001226 seconds.
Native extension for WindowsStandalone target not found
Refreshing native plugins compatible for Editor in 28.27 ms, found 0 plugins.
Preloading 0 native plugins for Editor in 0.00 ms.
Mono: successfully reloaded assembly
- Completed reload, in  2.111 seconds
Platform modules already initialized, skipping
Registering precompiled user dll's ...
Registered in 0.000586 seconds.
Begin MonoManager ReloadAssembly
Native extension for WindowsStandalone target not found
Refreshing native plugins compatible for Editor in 0.20 ms, found 0 plugins.
Preloading 0 native plugins for Editor in 0.00 ms.
Mono: successfully reloaded assembly
- Completed reload, in  0.942 seconds
Platform modules already initialized, skipping
========================================================================
Worker process is ready to serve import requests
Launched and connected shader compiler UnityShaderCompiler.exe after 0.05 seconds
Refreshing native plugins compatible for Editor in 0.23 ms, found 0 plugins.
Preloading 0 native plugins for Editor in 0.00 ms.
Unloading 1127 Unused Serialized files (Serialized files now loaded: 0)
System memory in use before: 57.5 MB.
System memory in use after: 57.5 MB.

Unloading 10 unused Assets to reduce memory usage. Loaded Objects now: 1570.
Total: 2.582300 ms (FindLiveObjects: 0.547000 ms CreateObjectMapping: 0.060600 ms MarkObjects: 1.860200 ms  DeleteObjects: 0.113200 ms)

========================================================================
Received Import Request.
  path: Assets/Scripts/HpBarSlider.cs
  artifactKey: Guid(b3ee7188b9e940145a0407d4625fe321) Importer(815301076,1909f56bfc062723c751e8b465ee728b)
Start importing Assets/Scripts/HpBarSlider.cs using Guid(b3ee7188b9e940145a0407d4625fe321) Importer(815301076,1909f56bfc062723c751e8b465ee728b)  -> (artifact id: '7523016347a51c3348ce89d9a19bf76a') in 0.049879 seconds
  Import took 0.051848 seconds .

========================================================================
Received Prepare
Registering precompiled user dll's ...
Registered in 0.000553 seconds.
Begin MonoManager ReloadAssembly
Native extension for WindowsStandalone target not found
Refreshing native plugins compatible for Editor in 0.22 ms, found 0 plugins.
Preloading 0 native plugins for Editor in 0.00 ms.
Mono: successfully reloaded assembly
- Completed reload, in  0.879 seconds
Platform modules already initialized, skipping
Refreshing native plugins compatible for Editor in 0.20 ms, found 0 plugins.
Preloading 0 native plugins for Editor in 0.00 ms.
Unloading 1122 Unused Serialized files (Serialized files now loaded: 0)
System memory in use before: 57.4 MB.
System memory in use after: 57.5 MB.

Unloading 5 unused Assets to reduce memory usage. Loaded Objects now: 1573.
Total: 6.506600 ms (FindLiveObjects: 0.220700 ms CreateObjectMapping: 0.062100 ms MarkObjects: 6.152600 ms  DeleteObjects: 0.069300 ms)

========================================================================
Received Import Request.
  Time since last request: 94.972457 seconds.
  path: Assets/Prifab/HP Bar.prefab
  artifactKey: Guid(9a7c5f2643aca614baa7272670982a79) Importer(815301076,1909f56bfc062723c751e8b465ee728b)
Start importing Assets/Prifab/HP Bar.prefab using Guid(9a7c5f2643aca614baa7272670982a79) Importer(815301076,1909f56bfc062723c751e8b465ee728b)  -> (artifact id: '3f0624290eb41d7fcdf899688ea835ea') in 0.043978 seconds
  Import took 0.046255 seconds .

========================================================================
Received Import Request.
  Time since last request: 0.013318 seconds.
  path: Assets/Prifab/HP Bar.prefab
  artifactKey: Guid(9a7c5f2643aca614baa7272670982a79) Importer(815301076,1909f56bfc062723c751e8b465ee728b)
Start importing Assets/Prifab/HP Bar.prefab using Guid(9a7c5f2643aca614baa7272670982a79) Importer(815301076,1909f56bfc062723c751e8b465ee728b)  -> (artifact id: '3f0624290eb41d7fcdf899688ea835ea') in 0.003200 seconds
  Import took 0.005440 seconds .

========================================================================
Received Prepare
Registering precompiled user dll's ...
Registered in 0.000581 seconds.
Begin MonoManager ReloadAssembly
Native extension for WindowsStandalone target not found
Refreshing native plugins compatible for Editor in 0.27 ms, found 0 plugins.
Preloading 0 native plugins for Editor in 0.00 ms.
Mono: successfully reloaded assembly
- Completed reload, in  0.888 seconds
Platform modules already initialized, skipping
Refreshing native plugins compatible for Editor in 0.20 ms, found 0 plugins.
Preloading 0 native plugins for Editor in 0.00 ms.
Unloading 1122 Unused Serialized files (Serialized files now loaded: 0)
System memory in use before: 57.5 MB.
System memory in use after: 57.6 MB.

Unloading 5 unused Assets to reduce memory usage. Loaded Objects now: 1576.
Total: 1.899700 ms (FindLiveObjects: 0.181200 ms CreateObjectMapping: 0.066800 ms MarkObjects: 1.545000 ms  DeleteObjects: 0.105600 ms)

========================================================================
Received Import Request.
  Time since last request: 623.209394 seconds.
  path: Assets/Scripts/HpBarSlider.cs
  artifactKey: Guid(b3ee7188b9e940145a0407d4625fe321) Importer(815301076,1909f56bfc062723c751e8b465ee728b)
Start importing Assets/Scripts/HpBarSlider.cs using Guid(b3ee7188b9e940145a0407d4625fe321) Importer(815301076,1909f56bfc062723c751e8b465ee728b)  -> (artifact id: '9d25c6613f8358d7d20a5b2a04842559') in 0.003501 seconds
  Import took 0.005553 seconds .

========================================================================
Received Prepare
Registering precompiled user dll's ...
Registered in 0.000562 seconds.
Begin MonoManager ReloadAssembly
Native extension for WindowsStandalone target not found
Refreshing native plugins compatible for Editor in 0.29 ms, found 0 plugins.
Preloading 0 native plugins for Editor in 0.00 ms.
Mono: successfully reloaded assembly
- Completed reload, in  0.842 seconds
Platform modules already initialized, skipping
Refreshing native plugins compatible for Editor in 0.20 ms, found 0 plugins.
Preloading 0 native plugins for Editor in 0.00 ms.
Unloading 1122 Unused Serialized files (Serialized files now loaded: 0)
System memory in use before: 57.5 MB.
System memory in use after: 57.6 MB.

Unloading 5 unused Assets to reduce memory usage. Loaded Objects now: 1579.
Total: 2.041700 ms (FindLiveObjects: 0.117400 ms CreateObjectMapping: 0.034300 ms MarkObjects: 1.801200 ms  DeleteObjects: 0.087600 ms)

========================================================================
Received Prepare
Registering precompiled user dll's ...
Registered in 0.000597 seconds.
Begin MonoManager ReloadAssembly
Native extension for WindowsStandalone target not found
Refreshing native plugins compatible for Editor in 0.21 ms, found 0 plugins.
Preloading 0 native plugins for Editor in 0.00 ms.
Mono: successfully reloaded assembly
- Completed reload, in  0.829 seconds
Platform modules already initialized, skipping
Refreshing native plugins compatible for Editor in 0.21 ms, found 0 plugins.
Preloading 0 native plugins for Editor in 0.00 ms.
Unloading 1122 Unused Serialized files (Serialized files now loaded: 0)
System memory in use before: 57.5 MB.
System memory in use after: 57.6 MB.

Unloading 5 unused Assets to reduce memory usage. Loaded Objects now: 1582.
Total: 2.012700 ms (FindLiveObjects: 0.115200 ms CreateObjectMapping: 0.032800 ms MarkObjects: 1.814000 ms  DeleteObjects: 0.049500 ms)

========================================================================
Received Import Request.
  Time since last request: 271.569745 seconds.
  path: Assets/Scenes/3.unity
  artifactKey: Guid(29b3c86597ca97747bda39a29f777acd) Importer(815301076,1909f56bfc062723c751e8b465ee728b)
Start importing Assets/Scenes/3.unity using Guid(29b3c86597ca97747bda39a29f777acd) Importer(815301076,1909f56bfc062723c751e8b465ee728b)  -> (artifact id: '6747b3896d8f43e709c61ac3f112727e') in 0.010526 seconds
  Import took 0.012635 seconds .

========================================================================
Received Import Request.
  Time since last request: 0.004457 seconds.
  path: Assets/Scenes/3.unity
  artifactKey: Guid(29b3c86597ca97747bda39a29f777acd) Importer(815301076,1909f56bfc062723c751e8b465ee728b)
Start importing Assets/Scenes/3.unity using Guid(29b3c86597ca97747bda39a29f777acd) Importer(815301076,1909f56bfc062723c751e8b465ee728b)  -> (artifact id: '6747b3896d8f43e709c61ac3f112727e') in 0.001542 seconds
  Import took 0.004003 seconds .

========================================================================
Received Prepare
Registering precompiled user dll's ...
Registered in 0.000645 seconds.
Begin MonoManager ReloadAssembly
Native extension for WindowsStandalone target not found
Refreshing native plugins compatible for Editor in 0.29 ms, found 0 plugins.
Preloading 0 native plugins for Editor in 0.00 ms.
Mono: successfully reloaded assembly
- Completed reload, in  0.839 seconds
Platform modules already initialized, skipping
Refreshing native plugins compatible for Editor in 0.20 ms, found 0 plugins.
Preloading 0 native plugins for Editor in 0.00 ms.
Unloading 1122 Unused Serialized files (Serialized files now loaded: 0)
System memory in use before: 57.5 MB.
System memory in use after: 57.6 MB.

Unloading 5 unused Assets to reduce memory usage. Loaded Objects now: 1585.
Total: 1.825100 ms (FindLiveObjects: 0.125000 ms CreateObjectMapping: 0.033500 ms MarkObjects: 1.580700 ms  DeleteObjects: 0.084900 ms)

========================================================================
Received Import Request.
  Time since last request: 24.880347 seconds.
  path: Assets/Scenes/1.unity
  artifactKey: Guid(9fc0d4010bbf28b4594072e72b8655ab) Importer(815301076,1909f56bfc062723c751e8b465ee728b)
Start importing Assets/Scenes/1.unity using Guid(9fc0d4010bbf28b4594072e72b8655ab) Importer(815301076,1909f56bfc062723c751e8b465ee728b)  -> (artifact id: '0e68e9879ac926879cb93b276012b306') in 0.012155 seconds
  Import took 0.014226 seconds .

========================================================================
Received Import Request.
  Time since last request: 0.003804 seconds.
  path: Assets/Scenes/1.unity
  artifactKey: Guid(9fc0d4010bbf28b4594072e72b8655ab) Importer(815301076,1909f56bfc062723c751e8b465ee728b)
Start importing Assets/Scenes/1.unity using Guid(9fc0d4010bbf28b4594072e72b8655ab) Importer(815301076,1909f56bfc062723c751e8b465ee728b)  -> (artifact id: '0e68e9879ac926879cb93b276012b306') in 0.001533 seconds
  Import took 0.003825 seconds .

========================================================================
Received Prepare
Registering precompiled user dll's ...
Registered in 0.000562 seconds.
Begin MonoManager ReloadAssembly
Native extension for WindowsStandalone target not found
Refreshing native plugins compatible for Editor in 0.20 ms, found 0 plugins.
Preloading 0 native plugins for Editor in 0.00 ms.
Mono: successfully reloaded assembly
- Completed reload, in  0.855 seconds
Platform modules already initialized, skipping
Refreshing native plugins compatible for Editor in 0.21 ms, found 0 plugins.
Preloading 0 native plugins for Editor in 0.00 ms.
Unloading 1122 Unused Serialized files (Serialized files now loaded: 0)
System memory in use before: 57.5 MB.
System memory in use after: 57.6 MB.

Unloading 5 unused Assets to reduce memory usage. Loaded Objects now: 1588.
Total: 1.819900 ms (FindLiveObjects: 0.126900 ms CreateObjectMapping: 0.031700 ms MarkObjects: 1.574800 ms  DeleteObjects: 0.085500 ms)

========================================================================
Received Prepare
Registering precompiled user dll's ...
Registered in 0.000542 seconds.
Begin MonoManager ReloadAssembly
Native extension for WindowsStandalone target not found
Refreshing native plugins compatible for Editor in 0.21 ms, found 0 plugins.
Preloading 0 native plugins for Editor in 0.00 ms.
Mono: successfully reloaded assembly
- Completed reload, in  0.887 seconds
Platform modules already initialized, skipping
Refreshing native plugins compatible for Editor in 0.20 ms, found 0 plugins.
Preloading 0 native plugins for Editor in 0.00 ms.
Unloading 1123 Unused Serialized files (Serialized files now loaded: 0)
System memory in use before: 57.6 MB.
System memory in use after: 57.6 MB.

Unloading 5 unused Assets to reduce memory usage. Loaded Objects now: 1592.
Total: 1.881900 ms (FindLiveObjects: 0.175900 ms CreateObjectMapping: 0.033300 ms MarkObjects: 1.597300 ms  DeleteObjects: 0.074000 ms)

========================================================================
Received Prepare
Registering precompiled user dll's ...
Registered in 0.000550 seconds.
Begin MonoManager ReloadAssembly
Native extension for WindowsStandalone target not found
Refreshing native plugins compatible for Editor in 0.20 ms, found 0 plugins.
Preloading 0 native plugins for Editor in 0.00 ms.
Mono: successfully reloaded assembly
- Completed reload, in  0.886 seconds
Platform modules already initialized, skipping
Refreshing native plugins compatible for Editor in 0.22 ms, found 0 plugins.
Preloading 0 native plugins for Editor in 0.00 ms.
Unloading 1123 Unused Serialized files (Serialized files now loaded: 0)
System memory in use before: 57.6 MB.
System memory in use after: 57.6 MB.

Unloading 5 unused Assets to reduce memory usage. Loaded Objects now: 1595.
Total: 2.004100 ms (FindLiveObjects: 0.199900 ms CreateObjectMapping: 0.042600 ms MarkObjects: 1.712900 ms  DeleteObjects: 0.047200 ms)

========================================================================
Received Prepare
Registering precompiled user dll's ...
Registered in 0.000636 seconds.
Begin MonoManager ReloadAssembly
Native extension for WindowsStandalone target not found
Refreshing native plugins compatible for Editor in 0.20 ms, found 0 plugins.
Preloading 0 native plugins for Editor in 0.00 ms.
Mono: successfully reloaded assembly
- Completed reload, in  0.841 seconds
Platform modules already initialized, skipping
Refreshing native plugins compatible for Editor in 0.20 ms, found 0 plugins.
Preloading 0 native plugins for Editor in 0.00 ms.
Unloading 1123 Unused Serialized files (Serialized files now loaded: 0)
System memory in use before: 57.6 MB.
System memory in use after: 57.6 MB.

Unloading 5 unused Assets to reduce memory usage. Loaded Objects now: 1598.
Total: 1.998100 ms (FindLiveObjects: 0.167500 ms CreateObjectMapping: 0.064900 ms MarkObjects: 1.665000 ms  DeleteObjects: 0.099800 ms)

========================================================================
Received Prepare
Registering precompiled user dll's ...
Registered in 0.000684 seconds.
Begin MonoManager ReloadAssembly
Native extension for WindowsStandalone target not found
Refreshing native plugins compatible for Editor in 0.24 ms, found 0 plugins.
Preloading 0 native plugins for Editor in 0.00 ms.
Mono: successfully reloaded assembly
- Completed reload, in  1.202 seconds
Platform modules already initialized, skipping
Refreshing native plugins compatible for Editor in 0.21 ms, found 0 plugins.
Preloading 0 native plugins for Editor in 0.00 ms.
Unloading 1123 Unused Serialized files (Serialized files now loaded: 0)
System memory in use before: 57.6 MB.
System memory in use after: 57.7 MB.

Unloading 5 unused Assets to reduce memory usage. Loaded Objects now: 1601.
Total: 1.735200 ms (FindLiveObjects: 0.129400 ms CreateObjectMapping: 0.038300 ms MarkObjects: 1.514300 ms  DeleteObjects: 0.051900 ms)

========================================================================
Received Prepare
Registering precompiled user dll's ...
Registered in 0.000587 seconds.
Begin MonoManager ReloadAssembly
Native extension for WindowsStandalone target not found
Refreshing native plugins compatible for Editor in 0.20 ms, found 0 plugins.
Preloading 0 native plugins for Editor in 0.00 ms.
Mono: successfully reloaded assembly
- Completed reload, in  0.828 seconds
Platform modules already initialized, skipping
Refreshing native plugins compatible for Editor in 0.20 ms, found 0 plugins.
Preloading 0 native plugins for Editor in 0.00 ms.
Unloading 1123 Unused Serialized files (Serialized files now loaded: 0)
System memory in use before: 57.6 MB.
System memory in use after: 57.7 MB.

Unloading 5 unused Assets to reduce memory usage. Loaded Objects now: 1604.
Total: 1.769900 ms (FindLiveObjects: 0.154200 ms CreateObjectMapping: 0.037500 ms MarkObjects: 1.477400 ms  DeleteObjects: 0.099800 ms)

========================================================================
Received Import Request.
  Time since last request: 593.024999 seconds.
  path: Assets/Scenes/2.unity
  artifactKey: Guid(42d870fecb64db84dbcc3f54c20a4477) Importer(815301076,1909f56bfc062723c751e8b465ee728b)
Start importing Assets/Scenes/2.unity using Guid(42d870fecb64db84dbcc3f54c20a4477) Importer(815301076,1909f56bfc062723c751e8b465ee728b)  -> (artifact id: 'cae4f4f8ba633dfcfc5cbf63e04d6411') in 0.014213 seconds
  Import took 0.016852 seconds .

========================================================================
Received Import Request.
  Time since last request: 0.000952 seconds.
  path: Assets/Scenes/2.unity
  artifactKey: Guid(42d870fecb64db84dbcc3f54c20a4477) Importer(815301076,1909f56bfc062723c751e8b465ee728b)
Start importing Assets/Scenes/2.unity using Guid(42d870fecb64db84dbcc3f54c20a4477) Importer(815301076,1909f56bfc062723c751e8b465ee728b)  -> (artifact id: 'cae4f4f8ba633dfcfc5cbf63e04d6411') in 0.001969 seconds
  Import took 0.003985 seconds .

========================================================================
Received Prepare
Registering precompiled user dll's ...
Registered in 0.000541 seconds.
Begin MonoManager ReloadAssembly
Native extension for WindowsStandalone target not found
Refreshing native plugins compatible for Editor in 0.21 ms, found 0 plugins.
Preloading 0 native plugins for Editor in 0.00 ms.
Mono: successfully reloaded assembly
- Completed reload, in  0.813 seconds
Platform modules already initialized, skipping
Refreshing native plugins compatible for Editor in 0.23 ms, found 0 plugins.
Preloading 0 native plugins for Editor in 0.00 ms.
Unloading 1123 Unused Serialized files (Serialized files now loaded: 0)
System memory in use before: 57.6 MB.
System memory in use after: 57.7 MB.

Unloading 5 unused Assets to reduce memory usage. Loaded Objects now: 1607.
Total: 1.949800 ms (FindLiveObjects: 0.253500 ms CreateObjectMapping: 0.048300 ms MarkObjects: 1.594500 ms  DeleteObjects: 0.052300 ms)

========================================================================
Received Import Request.
  Time since last request: 34.316960 seconds.
  path: Assets/Scenes/1.unity
  artifactKey: Guid(9fc0d4010bbf28b4594072e72b8655ab) Importer(815301076,1909f56bfc062723c751e8b465ee728b)
Start importing Assets/Scenes/1.unity using Guid(9fc0d4010bbf28b4594072e72b8655ab) Importer(815301076,1909f56bfc062723c751e8b465ee728b)  -> (artifact id: 'bd342efb0cfab967fea1389238f283b3') in 0.009955 seconds
  Import took 0.011787 seconds .

========================================================================
Received Import Request.
  Time since last request: 0.005560 seconds.
  path: Assets/Scenes/1.unity
  artifactKey: Guid(9fc0d4010bbf28b4594072e72b8655ab) Importer(815301076,1909f56bfc062723c751e8b465ee728b)
Start importing Assets/Scenes/1.unity using Guid(9fc0d4010bbf28b4594072e72b8655ab) Importer(815301076,1909f56bfc062723c751e8b465ee728b)  -> (artifact id: 'bd342efb0cfab967fea1389238f283b3') in 0.001543 seconds
  Import took 0.003887 seconds .

========================================================================
Received Import Request.
  Time since last request: 68.406921 seconds.
  path: Assets/Scenes/3.unity
  artifactKey: Guid(29b3c86597ca97747bda39a29f777acd) Importer(815301076,1909f56bfc062723c751e8b465ee728b)
Start importing Assets/Scenes/3.unity using Guid(29b3c86597ca97747bda39a29f777acd) Importer(815301076,1909f56bfc062723c751e8b465ee728b)  -> (artifact id: '14aebdcd35c7b795e50c0f1d8b09b857') in 0.002282 seconds
  Import took 0.004656 seconds .

========================================================================
Received Prepare
Registering precompiled user dll's ...
Registered in 0.000692 seconds.
Begin MonoManager ReloadAssembly
Native extension for WindowsStandalone target not found
Refreshing native plugins compatible for Editor in 0.20 ms, found 0 plugins.
Preloading 0 native plugins for Editor in 0.00 ms.
Mono: successfully reloaded assembly
- Completed reload, in  0.851 seconds
Platform modules already initialized, skipping
Refreshing native plugins compatible for Editor in 0.19 ms, found 0 plugins.
Preloading 0 native plugins for Editor in 0.00 ms.
Unloading 1123 Unused Serialized files (Serialized files now loaded: 0)
System memory in use before: 57.6 MB.
System memory in use after: 57.7 MB.

Unloading 5 unused Assets to reduce memory usage. Loaded Objects now: 1610.
Total: 1.699300 ms (FindLiveObjects: 0.126400 ms CreateObjectMapping: 0.037500 ms MarkObjects: 1.485900 ms  DeleteObjects: 0.048600 ms)

========================================================================
Received Prepare
Registering precompiled user dll's ...
Registered in 0.000749 seconds.
Begin MonoManager ReloadAssembly
Native extension for WindowsStandalone target not found
Refreshing native plugins compatible for Editor in 0.20 ms, found 0 plugins.
Preloading 0 native plugins for Editor in 0.00 ms.
Mono: successfully reloaded assembly
- Completed reload, in  0.827 seconds
Platform modules already initialized, skipping
Refreshing native plugins compatible for Editor in 0.26 ms, found 0 plugins.
Preloading 0 native plugins for Editor in 0.00 ms.
Unloading 1123 Unused Serialized files (Serialized files now loaded: 0)
System memory in use before: 57.6 MB.
System memory in use after: 57.7 MB.

Unloading 5 unused Assets to reduce memory usage. Loaded Objects now: 1613.
Total: 1.793800 ms (FindLiveObjects: 0.136400 ms CreateObjectMapping: 0.036900 ms MarkObjects: 1.534300 ms  DeleteObjects: 0.084900 ms)

AssetImportWorkerClient::OnTransportError - code=2 error=End of file
